[    0.000000] Linux version 4.15.0-212-generic (buildd@lcy02-amd64-083) (gcc version 7.5.0 (Ubuntu 7.5.0-3ubuntu1~18.04)) #223-Ubuntu SMP Tue May 23 13:09:22 UTC 2023 (Ubuntu 4.15.0-212.223-generic 4.15.18)
[    0.000000] Command line: BOOT_IMAGE=/boot/vmlinuz-4.15.0-212-generic root=LABEL=cloudimg-rootfs ro console=tty1 console=ttyS0
[    0.000000] KERNEL supported cpus:
[    0.000000]   Intel GenuineIntel
[    0.000000]   AMD AuthenticAMD
[    0.000000]   Centaur CentaurHauls
[    0.000000] x86/fpu: Supporting XSAVE feature 0x001: 'x87 floating point registers'
[    0.000000] x86/fpu: Supporting XSAVE feature 0x002: 'SSE registers'
[    0.000000] x86/fpu: Supporting XSAVE feature 0x004: 'AVX registers'
[    0.000000] x86/fpu: xstate_offset[2]:  576, xstate_sizes[2]:  256
[    0.000000] x86/fpu: Enabled xstate features 0x7, context size is 832 bytes, using 'standard' format.
[    0.000000] e820: BIOS-provided physical RAM map:
[    0.000000] BIOS-e820: [mem 0x0000000000000000-0x000000000009fbff] usable
[    0.000000] BIOS-e820: [mem 0x000000000009fc00-0x000000000009ffff] reserved
[    0.000000] BIOS-e820: [mem 0x00000000000f0000-0x00000000000fffff] reserved
[    0.000000] BIOS-e820: [mem 0x0000000000100000-0x000000003ffeffff] usable
[    0.000000] BIOS-e820: [mem 0x000000003fff0000-0x000000003fffffff] ACPI data
[    0.000000] BIOS-e820: [mem 0x00000000fec00000-0x00000000fec00fff] reserved
[    0.000000] BIOS-e820: [mem 0x00000000fee00000-0x00000000fee00fff] reserved
[    0.000000] BIOS-e820: [mem 0x00000000fffc0000-0x00000000ffffffff] reserved
[    0.000000] NX (Execute Disable) protection: active
[    0.000000] SMBIOS 2.5 present.
[    0.000000] DMI: innotek GmbH VirtualBox/VirtualBox, BIOS VirtualBox 12/01/2006
[    0.000000] Hypervisor detected: KVM
[    0.000000] e820: last_pfn = 0x3fff0 max_arch_pfn = 0x400000000
[    0.000000] MTRR: Disabled
[    0.000000] x86/PAT: MTRRs disabled, skipping PAT initialization too.
[    0.000000] CPU MTRRs all blank - virtualized system.
[    0.000000] x86/PAT: Configuration [0-7]: WB  WT  UC- UC  WB  WT  UC- UC  
[    0.000000] found SMP MP-table at [mem 0x0009fff0-0x0009ffff]
[    0.000000] Scanning 1 areas for low memory corruption
[    0.000000] RAMDISK: [mem 0x359cb000-0x36cdcfff]
[    0.000000] ACPI: Early table checksum verification disabled
[    0.000000] ACPI: RSDP 0x00000000000E0000 000024 (v02 VBOX  )
[    0.000000] ACPI: XSDT 0x000000003FFF0030 00003C (v01 VBOX   VBOXXSDT 00000001 ASL  00000061)
[    0.000000] ACPI: FACP 0x000000003FFF00F0 0000F4 (v04 VBOX   VBOXFACP 00000001 ASL  00000061)
[    0.000000] ACPI: DSDT 0x000000003FFF0610 002353 (v02 VBOX   VBOXBIOS 00000002 INTL 20200528)
[    0.000000] ACPI: FACS 0x000000003FFF0200 000040
[    0.000000] ACPI: FACS 0x000000003FFF0200 000040
[    0.000000] ACPI: APIC 0x000000003FFF0240 00005C (v02 VBOX   VBOXAPIC 00000001 ASL  00000061)
[    0.000000] ACPI: SSDT 0x000000003FFF02A0 00036C (v01 VBOX   VBOXCPUT 00000002 INTL 20200528)
[    0.000000] ACPI: Reserving FACP table memory at [mem 0x3fff00f0-0x3fff01e3]
[    0.000000] ACPI: Reserving DSDT table memory at [mem 0x3fff0610-0x3fff2962]
[    0.000000] ACPI: Reserving FACS table memory at [mem 0x3fff0200-0x3fff023f]
[    0.000000] ACPI: Reserving FACS table memory at [mem 0x3fff0200-0x3fff023f]
[    0.000000] ACPI: Reserving APIC table memory at [mem 0x3fff0240-0x3fff029b]
[    0.000000] ACPI: Reserving SSDT table memory at [mem 0x3fff02a0-0x3fff060b]
[    0.000000] No NUMA configuration found
[    0.000000] Faking a node at [mem 0x0000000000000000-0x000000003ffeffff]
[    0.000000] NODE_DATA(0) allocated [mem 0x3ffc5000-0x3ffeffff]
[    0.000000] kvm-clock: cpu 0, msr 0:3ff44001, primary cpu clock
[    0.000000] kvm-clock: Using msrs 4b564d01 and 4b564d00
[    0.000000] kvm-clock: using sched offset of 3936736808 cycles
[    0.000000] clocksource: kvm-clock: mask: 0xffffffffffffffff max_cycles: 0x1cd42e4dffb, max_idle_ns: 881590591483 ns
[    0.000000] Zone ranges:
[    0.000000]   DMA      [mem 0x0000000000001000-0x0000000000ffffff]
[    0.000000]   DMA32    [mem 0x0000000001000000-0x000000003ffeffff]
[    0.000000]   Normal   empty
[    0.000000]   Device   empty
[    0.000000] Movable zone start for each node
[    0.000000] Early memory node ranges
[    0.000000]   node   0: [mem 0x0000000000001000-0x000000000009efff]
[    0.000000]   node   0: [mem 0x0000000000100000-0x000000003ffeffff]
[    0.000000] Reserved but unavailable: 104 pages
[    0.000000] Initmem setup node 0 [mem 0x0000000000001000-0x000000003ffeffff]
[    0.000000] ACPI: PM-Timer IO Port: 0x4008
[    0.000000] IOAPIC[0]: apic_id 2, version 32, address 0xfec00000, GSI 0-23
[    0.000000] ACPI: INT_SRC_OVR (bus 0 bus_irq 0 global_irq 2 dfl dfl)
[    0.000000] ACPI: INT_SRC_OVR (bus 0 bus_irq 9 global_irq 9 low level)
[    0.000000] Using ACPI (MADT) for SMP configuration information
[    0.000000] smpboot: Allowing 2 CPUs, 0 hotplug CPUs
[    0.000000] PM: Registered nosave memory: [mem 0x00000000-0x00000fff]
[    0.000000] PM: Registered nosave memory: [mem 0x0009f000-0x0009ffff]
[    0.000000] PM: Registered nosave memory: [mem 0x000a0000-0x000effff]
[    0.000000] PM: Registered nosave memory: [mem 0x000f0000-0x000fffff]
[    0.000000] e820: [mem 0x40000000-0xfebfffff] available for PCI devices
[    0.000000] Booting paravirtualized kernel on KVM
[    0.000000] clocksource: refined-jiffies: mask: 0xffffffff max_cycles: 0xffffffff, max_idle_ns: 7645519600211568 ns
[    0.000000] setup_percpu: NR_CPUS:8192 nr_cpumask_bits:2 nr_cpu_ids:2 nr_node_ids:1
[    0.000000] percpu: Embedded 50 pages/cpu s167936 r8192 d28672 u1048576
[    0.000000] PV qspinlock hash table entries: 256 (order: 0, 4096 bytes)
[    0.000000] Built 1 zonelists, mobility grouping on.  Total pages: 257913
[    0.000000] Policy zone: DMA32
[    0.000000] Kernel command line: BOOT_IMAGE=/boot/vmlinuz-4.15.0-212-generic root=LABEL=cloudimg-rootfs ro console=tty1 console=ttyS0
[    0.000000] Memory: 982644K/1048120K available (12300K kernel code, 2477K rwdata, 4324K rodata, 2480K init, 2720K bss, 65476K reserved, 0K cma-reserved)
[    0.000000] SLUB: HWalign=64, Order=0-3, MinObjects=0, CPUs=2, Nodes=1
[    0.000000] Kernel/User page tables isolation: enabled
[    0.000000] ftrace: allocating 39508 entries in 155 pages
[    0.004000] Hierarchical RCU implementation.
[    0.004000] 	RCU restricting CPUs from NR_CPUS=8192 to nr_cpu_ids=2.
[    0.004000] 	Tasks RCU enabled.
[    0.004000] RCU: Adjusting geometry for rcu_fanout_leaf=16, nr_cpu_ids=2
[    0.004000] NR_IRQS: 524544, nr_irqs: 440, preallocated irqs: 16
[    0.004000] random: crng init done
[    0.004000] Console: colour VGA+ 80x25
[    0.004000] console [tty1] enabled
[    0.004000] console [ttyS0] enabled
[    0.004000] ACPI: Core revision 20170831
[    0.004000] ACPI: 2 ACPI AML tables successfully acquired and loaded
[    0.004000] APIC: Switch to symmetric I/O mode setup
[    0.006951] x2apic enabled
[    0.008026] Switched APIC routing to physical x2apic.
[    0.016000] ..TIMER: vector=0x30 apic1=0 pin1=2 apic2=-1 pin2=-1
[    0.016007] tsc: Detected 2006.098 MHz processor
[    0.020015] Calibrating delay loop (skipped) preset value.. 4012.19 BogoMIPS (lpj=8024392)
[    0.024010] pid_max: default: 32768 minimum: 301
[    0.028077] Security Framework initialized
[    0.032007] Yama: becoming mindful.
[    0.036059] AppArmor: AppArmor initialized
[    0.042146] Dentry cache hash table entries: 131072 (order: 8, 1048576 bytes)
[    0.044872] Inode-cache hash table entries: 65536 (order: 7, 524288 bytes)
[    0.048073] Mount-cache hash table entries: 2048 (order: 2, 16384 bytes)
[    0.052045] Mountpoint-cache hash table entries: 2048 (order: 2, 16384 bytes)
[    0.057728] Last level iTLB entries: 4KB 0, 2MB 0, 4MB 0
[    0.060010] Last level dTLB entries: 4KB 0, 2MB 0, 4MB 0, 1GB 0
[    0.064032] Spectre V1 : Mitigation: usercopy/swapgs barriers and __user pointer sanitization
[    0.068008] Spectre V2 : Mitigation: Retpolines
[    0.072012] Spectre V2 : Spectre v2 / SpectreRSB mitigation: Filling RSB on context switch
[    0.076007] Spectre V2 : Spectre v2 / SpectreRSB : Filling RSB on VMEXIT
[    0.084007] RETBleed: WARNING: Spectre v2 mitigation leaves CPU vulnerable to RETBleed attacks, data leaks possible!
[    0.088010] RETBleed: Vulnerable
[    0.092003] Speculative Store Bypass: Vulnerable
[    0.096123] MDS: Mitigation: Clear CPU buffers
[    0.100004] MMIO Stale Data: Mitigation: Clear CPU buffers
[    0.104021] SRBDS: Unknown: Dependent on hypervisor status
[    0.108198] Freeing SMP alternatives memory: 36K
[    0.224313] smpboot: CPU0: Intel(R) Core(TM) i5-1038NG7 CPU @ 2.00GHz (family: 0x6, model: 0x7e, stepping: 0x5)
[    0.228249] Performance Events: unsupported p6 CPU model 126 no PMU driver, software events only.
[    0.232102] Hierarchical SRCU implementation.
[    0.236687] NMI watchdog: Perf event create on CPU 0 failed with -2
[    0.240005] NMI watchdog: Perf NMI watchdog permanently disabled
[    0.244000] smp: Bringing up secondary CPUs ...
[    0.248136] x86: Booting SMP configuration:
[    0.251194] .... node  #0, CPUs:      #1
[    0.004000] kvm-clock: cpu 1, msr 0:3ff44041, secondary cpu clock
[    0.256114] smp: Brought up 1 node, 2 CPUs
[    0.260017] smpboot: Max logical packages: 1
[    0.264012] smpboot: Total of 2 processors activated (8024.39 BogoMIPS)
[    0.272006] devtmpfs: initialized
[    0.274911] x86/mm: Memory block size: 128MB
[    0.276361] evm: security.selinux
[    0.280006] evm: security.SMACK64
[    0.284011] evm: security.SMACK64EXEC
[    0.287217] evm: security.SMACK64TRANSMUTE
[    0.288006] evm: security.SMACK64MMAP
[    0.292010] evm: security.apparmor
[    0.296007] evm: security.ima
[    0.298921] evm: security.capability
[    0.300261] clocksource: jiffies: mask: 0xffffffff max_cycles: 0xffffffff, max_idle_ns: 7645041785100000 ns
[    0.304029] futex hash table entries: 512 (order: 3, 32768 bytes)
[    0.308165] pinctrl core: initialized pinctrl subsystem
[    0.312597] RTC time: 23:08:48, date: 08/12/24
[    0.320342] NET: Registered protocol family 16
[    0.324209] audit: initializing netlink subsys (disabled)
[    0.328172] audit: type=2000 audit(1723504134.067:1): state=initialized audit_enabled=0 res=1
[    0.332088] cpuidle: using governor ladder
[    0.336031] cpuidle: using governor menu
[    0.340108] ACPI: bus type PCI registered
[    0.344009] acpiphp: ACPI Hot Plug PCI Controller Driver version: 0.5
[    0.348598] PCI: Using configuration type 1 for base access
[    0.356277] HugeTLB registered 2.00 MiB page size, pre-allocated 0 pages
[    0.364245] ACPI: Added _OSI(Module Device)
[    0.368028] ACPI: Added _OSI(Processor Device)
[    0.372009] ACPI: Added _OSI(3.0 _SCP Extensions)
[    0.376041] ACPI: Added _OSI(Processor Aggregator Device)
[    0.380032] ACPI: Added _OSI(Linux-Dell-Video)
[    0.384014] ACPI: Added _OSI(Linux-Lenovo-NV-HDMI-Audio)
[    0.388014] ACPI: Added _OSI(Linux-HPI-Hybrid-Graphics)
[    0.396524] ACPI: Executed 1 blocks of module-level executable AML code
[    0.407569] ACPI: Interpreter enabled
[    0.408042] ACPI: (supports S0 S5)
[    0.411044] ACPI: Using IOAPIC for interrupt routing
[    0.412612] PCI: Using host bridge windows from ACPI; if necessary, use "pci=nocrs" and report a bug
[    0.416351] ACPI: Enabled 2 GPEs in block 00 to 07
[    0.436351] ACPI: PCI Root Bridge [PCI0] (domain 0000 [bus 00-ff])
[    0.440035] acpi PNP0A03:00: _OSC: OS supports [ASPM ClockPM Segments MSI]
[    0.445272] acpi PNP0A03:00: _OSC: not requesting OS control; OS requires [ExtendedConfig ASPM ClockPM MSI]
[    0.448048] acpi PNP0A03:00: fail to add MMCONFIG information, can't access extended PCI configuration space under this bridge.
[    0.456450] PCI host bridge to bus 0000:00
[    0.460013] pci_bus 0000:00: root bus resource [io  0x0000-0x0cf7 window]
[    0.464011] pci_bus 0000:00: root bus resource [io  0x0d00-0xffff window]
[    0.468019] pci_bus 0000:00: root bus resource [mem 0x000a0000-0x000bffff window]
[    0.472017] pci_bus 0000:00: root bus resource [mem 0x40000000-0xfdffffff window]
[    0.476021] pci_bus 0000:00: root bus resource [bus 00-ff]
[    0.487731] pci 0000:00:01.1: legacy IDE quirk: reg 0x10: [io  0x01f0-0x01f7]
[    0.488012] pci 0000:00:01.1: legacy IDE quirk: reg 0x14: [io  0x03f6]
[    0.492012] pci 0000:00:01.1: legacy IDE quirk: reg 0x18: [io  0x0170-0x0177]
[    0.496017] pci 0000:00:01.1: legacy IDE quirk: reg 0x1c: [io  0x0376]
[    0.571888] pci 0000:00:07.0: quirk: [io  0x4000-0x403f] claimed by PIIX4 ACPI
[    0.572068] pci 0000:00:07.0: quirk: [io  0x4100-0x410f] claimed by PIIX4 SMB
[    0.591812] ACPI: PCI Interrupt Link [LNKA] (IRQs 5 9 10 *11)
[    0.592748] ACPI: PCI Interrupt Link [LNKB] (IRQs 5 9 *10 11)
[    0.596368] ACPI: PCI Interrupt Link [LNKC] (IRQs 5 *9 10 11)
[    0.600335] ACPI: PCI Interrupt Link [LNKD] (IRQs 5 9 10 *11)
[    0.604744] SCSI subsystem initialized
[    0.608131] pci 0000:00:02.0: vgaarb: setting as boot VGA device
[    0.612000] pci 0000:00:02.0: vgaarb: VGA device added: decodes=io+mem,owns=io+mem,locks=none
[    0.612013] pci 0000:00:02.0: vgaarb: bridge control possible
[    0.616006] vgaarb: loaded
[    0.618539] ACPI: bus type USB registered
[    0.620043] usbcore: registered new interface driver usbfs
[    0.624060] usbcore: registered new interface driver hub
[    0.628046] usbcore: registered new device driver usb
[    0.632200] EDAC MC: Ver: 3.0.0
[    0.636499] PCI: Using ACPI for IRQ routing
[    0.640944] NetLabel: Initializing
[    0.644006] NetLabel:  domain hash size = 128
[    0.648006] NetLabel:  protocols = UNLABELED CIPSOv4 CALIPSO
[    0.652043] NetLabel:  unlabeled traffic allowed by default
[    0.656200] clocksource: Switched to clocksource kvm-clock
[    0.685569] VFS: Disk quotas dquot_6.6.0
[    0.689684] VFS: Dquot-cache hash table entries: 512 (order 0, 4096 bytes)
[    0.700619] AppArmor: AppArmor Filesystem Enabled
[    0.705162] pnp: PnP ACPI init
[    0.711195] pnp: PnP ACPI: found 3 devices
[    0.743681] clocksource: acpi_pm: mask: 0xffffff max_cycles: 0xffffff, max_idle_ns: 2085701024 ns
[    0.814216] NET: Registered protocol family 2
[    0.818605] IP idents hash table entries: 16384 (order: 5, 131072 bytes)
[    0.826245] TCP established hash table entries: 8192 (order: 4, 65536 bytes)
[    0.833758] TCP bind hash table entries: 8192 (order: 5, 131072 bytes)
[    0.841216] TCP: Hash tables configured (established 8192 bind 8192)
[    0.850228] UDP hash table entries: 512 (order: 2, 16384 bytes)
[    0.857644] UDP-Lite hash table entries: 512 (order: 2, 16384 bytes)
[    0.864467] NET: Registered protocol family 1
[    0.869262] pci 0000:00:00.0: Limiting direct PCI/PCI transfers
[    0.878571] pci 0000:00:01.0: Activating ISA DMA hang workarounds
[    0.899145] pci 0000:00:02.0: Video device with shadowed ROM at [mem 0x000c0000-0x000dffff]
[    0.910321] Unpacking initramfs...
[    1.339799] Freeing initrd memory: 19528K
[    1.342969] clocksource: tsc: mask: 0xffffffffffffffff max_cycles: 0x1ceaaedb4bf, max_idle_ns: 440795307764 ns
[    1.349945] platform rtc_cmos: registered platform RTC device (no PNP device found)
[    1.355943] Scanning for low memory corruption every 60 seconds
[    1.360982] Initialise system trusted keyrings
[    1.364277] Key type blacklist registered
[    1.367592] workingset: timestamp_bits=36 max_order=18 bucket_order=0
[    1.374040] zbud: loaded
[    1.378004] squashfs: version 4.0 (2009/01/31) Phillip Lougher
[    1.384637] fuse init (API version 7.26)
[    1.400461] Key type asymmetric registered
[    1.403666] Asymmetric key parser 'x509' registered
[    1.407620] Block layer SCSI generic (bsg) driver version 0.4 loaded (major 246)
[    1.412744] io scheduler noop registered
[    1.415503] io scheduler deadline registered
[    1.418916] io scheduler cfq registered (default)
[    1.424362] ACPI: AC Adapter [AC] (on-line)
[    1.428970] input: Power Button as /devices/LNXSYSTM:00/LNXPWRBN:00/input/input0
[    1.436657] ACPI: Power Button [PWRF]
[    1.441417] input: Sleep Button as /devices/LNXSYSTM:00/LNXSLPBN:00/input/input1
[    1.446802] ACPI: Sleep Button [SLPF]
[    1.451450] ACPI: Battery Slot [BAT0] (battery present)
[    1.452309] Serial: 8250/16550 driver, 32 ports, IRQ sharing enabled
[    1.486067] 00:02: ttyS0 at I/O 0x3f8 (irq = 4, base_baud = 115200) is a 16550A
[    1.489055] Linux agpgart interface v0.103
[    1.498525] loop: module loaded
[    1.502376] scsi host0: ata_piix
[    1.505628] scsi host1: ata_piix
[    1.508342] ata1: PATA max UDMA/33 cmd 0x1f0 ctl 0x3f6 bmdma 0xd000 irq 14
[    1.513478] ata2: PATA max UDMA/33 cmd 0x170 ctl 0x376 bmdma 0xd008 irq 15
[    1.518875] tun: Universal TUN/TAP device driver, 1.6
[    1.525334] PPP generic driver version 2.4.2
[    1.530610] ehci_hcd: USB 2.0 'Enhanced' Host Controller (EHCI) Driver
[    1.534256] ehci-pci: EHCI PCI platform driver
[    1.534256] ehci-platform: EHCI generic platform driver
[    1.543536] ohci_hcd: USB 1.1 'Open' Host Controller (OHCI) Driver
[    1.547695] ohci-pci: OHCI PCI platform driver
[    1.550907] ohci-platform: OHCI generic platform driver
[    1.554570] uhci_hcd: USB Universal Host Controller Interface driver
[    1.554876] i8042: PNP: PS/2 Controller [PNP0303:PS2K,PNP0f03:PS2M] at 0x60,0x64 irq 1,12
[    1.567078] serio: i8042 KBD port at 0x60,0x64 irq 1
[    1.571541] serio: i8042 AUX port at 0x60,0x64 irq 12
[    1.575456] mousedev: PS/2 mouse device common for all mice
[    1.585287] input: AT Translated Set 2 keyboard as /devices/platform/i8042/serio0/input/input2
[    1.593448] rtc_cmos rtc_cmos: rtc core: registered rtc_cmos as rtc0
[    1.598238] rtc_cmos rtc_cmos: alarms up to one day, 114 bytes nvram
[    1.602426] i2c /dev entries driver
[    1.604860] device-mapper: uevent: version 1.0.3
[    1.608223] device-mapper: ioctl: 4.37.0-ioctl (2017-09-20) initialised: dm-devel@redhat.com
[    1.613727] ledtrig-cpu: registered to indicate activity on CPUs
[    1.618807] NET: Registered protocol family 10
[    1.632124] Segment Routing with IPv6
[    1.635953] NET: Registered protocol family 17
[    1.639417] Key type dns_resolver registered
[    1.642668] mce: Using 0 MCE banks
[    1.645225] RAS: Correctable Errors collector initialized.
[    1.649224] sched_clock: Marking stable (1649181194, 0)->(2386451896, -737270702)
[    1.656142] registered taskstats version 1
[    1.659037] Loading compiled-in X.509 certificates
[    1.665548] Loaded X.509 cert 'Build time autogenerated kernel key: b5b26778eaa3ab3a4a6cee031137706e947d12ad'
[    1.674429] Loaded X.509 cert 'Canonical Ltd. Live Patch Signing: 14df34d1a87cf37625abec039ef2bf521249b969'
[    1.688817] Loaded X.509 cert 'Canonical Ltd. Kernel Module Signing: 88f752e560a1e0737e31163a466ad7b70a850c19'
[    1.697107] blacklist: Loading compiled-in revocation X.509 certificates
[    1.703322] Loaded X.509 cert 'Canonical Ltd. Secure Boot Signing: 61482aa2830d0ab2ad5af10b7250da9033ddcef0'
[    1.712570] Loaded X.509 cert 'Canonical Ltd. Secure Boot Signing (2017): 242ade75ac4a15e50d50c84b0d45ff3eae707a03'
[    1.721727] Loaded X.509 cert 'Canonical Ltd. Secure Boot Signing (ESM 2018): 365188c1d374d6b07c3c8f240f8ef722433d6a8b'
[    1.733302] Loaded X.509 cert 'Canonical Ltd. Secure Boot Signing (2019): c0746fd6c5da3ae827864651ad66ae47fe24b3e8'
[    1.742717] Loaded X.509 cert 'Canonical Ltd. Secure Boot Signing (2021 v1): a8d54bbb3825cfb94fa13c9f8a594a195c107b8d'
[    1.751686] Loaded X.509 cert 'Canonical Ltd. Secure Boot Signing (2021 v2): 4cf046892d6fd3c9a5b03f98d845f90851dc6a8c'
[    1.759486] Loaded X.509 cert 'Canonical Ltd. Secure Boot Signing (2021 v3): 100437bb6de6e469b581e61cd66bce3ef4ed53af'
[    1.767091] Loaded X.509 cert 'Canonical Ltd. Secure Boot Signing (Ubuntu Core 2019): c1d57b8f6b743f23ee41f4f7ee292f06eecadfb9'
[    1.779080] zswap: loaded using pool lzo/zbud
[    1.792044] Key type big_key registered
[    1.795122] Key type trusted registered
[    1.800922] Key type encrypted registered
[    1.803946] AppArmor: AppArmor sha1 policy hashing enabled
[    1.807958] ima: No TPM chip found, activating TPM-bypass! (rc=-19)
[    1.812477] ima: Allocated hash algorithm: sha1
[    1.815837] evm: HMAC attrs: 0x1
[    1.819556]   Magic number: 4:420:150
[    1.824631] rtc_cmos rtc_cmos: setting system clock to 2024-08-12 23:08:50 UTC (1723504130)
[    1.833418] BIOS EDD facility v0.16 2004-Jun-25, 0 devices found
[    1.838650] EDD information not available.
[    1.845015] Freeing unused kernel image memory: 2480K
[    1.864398] Write protecting the kernel read-only data: 20480k
[    1.870917] Freeing unused kernel image memory: 2008K
[    1.877301] Freeing unused kernel image memory: 1820K
[    1.931369] x86/mm: Checked W+X mappings: passed, no W+X pages found.
[    1.937973] x86/mm: Checking user space page tables
[    1.947756] x86/mm: Checked W+X mappings: passed, no W+X pages found.
Loading, please wait...
starting version 237
[    2.055701] e1000: Intel(R) PRO/1000 Network Driver - version 7.3.21-k8-NAPI
[    2.061940] e1000: Copyright (c) 1999-2006 Intel Corporation.
[    2.108483] Fusion MPT base driver 3.04.20
[    2.113108] Copyright (c) 1999-2008 LSI Corporation
[    2.124124] AVX2 version of gcm_enc/dec engaged.
[    2.129389] AES CTR mode by8 optimization enabled
[    2.157482] Fusion MPT SPI Host driver 3.04.20
[    2.339756] input: ImExPS/2 Generic Explorer Mouse as /devices/platform/i8042/serio1/input/input4
[    2.720646] e1000 0000:00:03.0 eth0: (PCI:33MHz:32-bit) 02:3b:7b:b7:3b:2d
[    2.727374] e1000 0000:00:03.0 eth0: Intel(R) PRO/1000 Network Connection
[    2.736917] mptbase: ioc0: Initiating bringup
[    2.738487] e1000 0000:00:03.0 enp0s3: renamed from eth0
[    2.846089] ioc0: LSI53C1030 A0: Capabilities={Initiator}
[    3.098782] scsi host2: ioc0: LSI53C1030 A0, FwRev=00000000h, Ports=1, MaxQ=256, IRQ=20
[    3.273773] scsi 2:0:0:0: Direct-Access     VBOX     HARDDISK         1.0  PQ: 0 ANSI: 5
[    3.312575] scsi target2:0:0: Beginning Domain Validation
[    3.325968] scsi target2:0:0: Domain Validation skipping write tests
[    3.334280] scsi target2:0:0: Ending Domain Validation
[    3.339114] scsi target2:0:0: asynchronous
[    3.344067] scsi 2:0:1:0: Direct-Access     VBOX     HARDDISK         1.0  PQ: 0 ANSI: 5
[    3.380414] scsi target2:0:1: Beginning Domain Validation
[    3.390884] scsi target2:0:1: Domain Validation skipping write tests
[    3.396502] scsi target2:0:1: Ending Domain Validation
[    3.400612] scsi target2:0:1: asynchronous
[    3.412631] sd 2:0:0:0: [sda] 83886080 512-byte logical blocks: (42.9 GB/40.0 GiB)
[    3.420285] sd 2:0:0:0: [sda] Write Protect is off
[    3.424906] sd 2:0:0:0: Attached scsi generic sg0 type 0
[    3.431142] sd 2:0:1:0: [sdb] 20480 512-byte logical blocks: (10.5 MB/10.0 MiB)
[    3.437914] sd 2:0:0:0: [sda] Incomplete mode parameter data
[    3.438335] sd 2:0:1:0: [sdb] Write Protect is off
[    3.444473] sd 2:0:0:0: [sda] Assuming drive cache: write through
[    3.454944] sd 2:0:1:0: Attached scsi generic sg1 type 0
[    3.461842] sd 2:0:1:0: [sdb] Incomplete mode parameter data
[    3.469130] sd 2:0:1:0: [sdb] Assuming drive cache: write through
[    3.480160]  sda: sda1
[    3.488295] sd 2:0:0:0: [sda] Attached SCSI disk
[    3.493458] sd 2:0:1:0: [sdb] Attached SCSI disk
Begin: Loading essential drivers ... [    5.829365] raid6: sse2x1   gen() 10041 MB/s
[    5.889475] raid6: sse2x1   xor()  7583 MB/s
[    5.943979] raid6: sse2x2   gen() 16321 MB/s
[    6.011894] raid6: sse2x2   xor() 13389 MB/s
[    6.079612] raid6: sse2x4   gen() 16130 MB/s
[    6.139345] raid6: sse2x4   xor()  8374 MB/s
[    6.198916] raid6: avx2x1   gen() 18942 MB/s
[    6.251955] raid6: avx2x1   xor() 13979 MB/s
[    6.360722] raid6: avx2x2   gen() 62808 MB/s
[    6.430998] raid6: avx2x2   xor() 19721 MB/s
[    6.486415] raid6: avx2x4   gen() 28134 MB/s
[    6.547592] raid6: avx2x4   xor() 19682 MB/s
[    6.553695] raid6: using algorithm avx2x2 gen() 62808 MB/s
[    6.560289] raid6: .... xor() 19721 MB/s, rmw enabled
[    6.567707] raid6: using avx2x2 recovery algorithm
[    6.574418] xor: automatically using best checksumming function   avx       
[    6.582127] async_tx: api initialized (async)
done.
Begin: Running /scripts/init-premount ... done.
Begin: Mounting root file system ... Begin: Running /scripts/local-top ... done.
Begin: Running /scripts/local-premount ... [    6.652337] Btrfs loaded, crc32c=crc32c-intel
Scanning for Btrfs filesystems
done.
Warning: fsck not present, so skipping root file system
[    6.709419] EXT4-fs (sda1): mounted filesystem with ordered data mode. Opts: (null)
done.
Begin: Running /scripts/local-bottom ... done.
Begin: Running /scripts/init-bottom ... done.
[    7.014087] ip_tables: (C) 2000-2006 Netfilter Core Team
[    7.033319] systemd[1]: systemd 237 running in system mode. (+PAM +AUDIT +SELINUX +IMA +APPARMOR +SMACK +SYSVINIT +UTMP +LIBCRYPTSETUP +GCRYPT +GNUTLS +ACL +XZ +LZ4 +SECCOMP +BLKID +ELFUTILS +KMOD -IDN2 +IDN -PCRE2 default-hierarchy=hybrid)
[    7.051998] systemd[1]: Detected virtualization oracle.
[    7.058339] systemd[1]: Detected architecture x86-64.

Welcome to [1mUbuntu 18.04.6 LTS[0m!

[    7.083727] systemd[1]: Set hostname to <ubuntu>.
[    7.092344] systemd[1]: Initializing machine ID from random generator.
[    7.099006] systemd[1]: Installed transient /etc/machine-id file.
[    7.460587] systemd[1]: Started Forward Password Requests to Wall Directory Watch.
[[0;32m  OK  [0m] Started Forward Password Requests to Wall Directory Watch.
[    7.471963] systemd[1]: Reached target Swap.
[[0;32m  OK  [0m] Reached target Swap.
[    7.479646] systemd[1]: Reached target User and Group Name Lookups.
[[0;32m  OK  [0m] Reached target User and Group Name Lookups.
[    7.488685] systemd[1]: Reached target System Time Synchronized.
[[0;32m  OK  [0m] Reached target System Time Synchronized.
[[0;32m  OK  [0m] Reached target Mounting snaps.
[[0;32m  OK  [0m] Set up automount Arbitrary Executab…rmats File System Automount Point.
[[0;32m  OK  [0m] Reached target Mounted snaps.
[[0;32m  OK  [0m] Created slice User and Session Slice.
[[0;32m  OK  [0m] Created slice System Slice.
[[0;32m  OK  [0m] Listening on fsck to fsckd communication Socket.
[[0;32m  OK  [0m] Listening on LVM2 poll daemon socket.
[[0;32m  OK  [0m] Listening on Journal Socket.
[[0;32m  OK  [0m] Listening on Network Service Netlink Socket.
         Starting Load Kernel Modules...
         Starting Set the console keyboard layout...
         Starting Create list of required st…ce nodes for the current kernel...
[[0;32m  OK  [0m] Reached target Slices.
[[0;32m  OK  [0m] Listening on Device-mapper event daemon FIFOs.
[[0;32m  OK  [0m] Created slice sy[    7.572519] Loading iSCSI transport class v2.0-870.
stem-serial\x2dgetty.slice.
[[0;32m  OK  [0m] Listening on /dev/initctl Compatibility Named Pipe.
         Mounting POSIX Message Queue File System...
[[0;32m  OK  [0m] Listening on udev Kernel Socket.
         Mounting Huge Pages File System...
[[0;32m  OK  [0m] Listening on LVM2 metadata daemon socket.
         Starting Monitoring of LVM2 mirrors…ng dmeventd or progress polling...
         Mounting Kernel Debug File System...
[[0;32m  OK  [0m] Listening on Syslog Socket.[    7.643646] iscsi: registered transport (tcp)

[[0;32m  OK  [0m] Listening on Journal Socket (/dev/log).
         Starting Uncomplicated firewall...
[[0;32m  OK  [0m] Listening on Journal Audit Socket.
         Starting Journal Service...
         Starting File System Check on Root Device...
[[0;32m  OK  [0m] Listening on udev Control Socket.
         Starting udev Coldplug all Devices...
[[0;32m  OK  [0m] Started Create list of required sta…vice nodes for the current kernel.
[[0;32m  OK  [0m] Mounted POSIX Message Queue File System.
[[0;32m  OK  [0m] Mounted Huge Pages File System.
[[0;32m  OK  [0m] Mounted Kernel Debug File System.
[    7.715073] iscsi: registered transport (iser)
         Starting Create Static Device Nodes in /dev...
[[0;32m  OK  [0m] Started Load Kernel Modules.
         Mounting Kernel Configuration File System...
         Mounting FUSE Control File System...
         Starting Apply Kernel Variables...
[[0;32m  OK  [0m] Started Uncomplicated firewall.
[[0;32m  OK  [0m] Mounted Kernel Configuration File System.
[[0;32m  OK  [0m] Mounted FUSE Control File System.
[[0;32m  OK  [0m] Started Journal Service.
[[0;32m  OK  [0m] Started File System Check Daemon to report status.
[[0;32m  OK  [0m] Started Create Static Device Nodes in /dev.
[[0;32m  OK  [0m] Started udev Coldplug all Devices.
[[0;32m  OK  [0m] Started LVM2 metadata daemon.
[[0;32m  OK  [0m] Started Apply Kernel Variables.
[[0;32m  OK  [0m] Started File System Check on Root Device.
         Starting Remount Root and Kernel File Systems...
[[0;32m  OK  [0m] Started Monitoring of LVM2 mirrors,…sing dmeventd or progress polling.
[[0;32m  OK  [0m] Started Remount Root and Kernel File Systems.
         Starting udev Kernel Device Manager...
         Starting Flush Journal to Persistent Storage...
         Starting Load/Save Random Seed...
[[0;32m  OK  [0m] Started Load/Save Random Seed.
[[0;32m  OK  [0m] Started udev Kernel Device Manager.
[[0;32m  OK  [0m] Started Flush Journal to Persistent Storage.
[[0;32m  OK  [0m] Found device /dev/ttyS0.
[[0;32m  OK  [0m] Listening on Load/Save RF Kill Switch Status /dev/rfkill Watch.
         Mounting Arbitrary Executable File Formats File System...
[[0;32m  OK  [0m] Mounted Arbitrary Executable File Formats File System.
[[0;32m  OK  [0m] Started Set the console keyboard layout.
[[0;32m  OK  [0m] Started Dispatch Password Requests to Console Directory Watch.
[[0;32m  OK  [0m] Reached target Local Encrypted Volumes.
[[0;32m  OK  [0m] Reached target Local File Systems (Pre).
[[0;32m  OK  [0m] Reached target Local File Systems.
         Starting ebtables ruleset management...
         Starting Create Volatile Files and Directories...
         Starting Tell Plymouth To Write Out Runtime Data...
         Starting Commit a transient machine-id on disk...
         Starting Set console font and keymap...
         Starting AppArmor initialization...
[[0;32m  OK  [0m] Started Create Volatile Files and Directories.
         Starting Update UTMP about System Boot/Shutdown...
[[0;32m  OK  [0m] Started Tell Plymouth To Write Out Runtime Data.
[[0;32m  OK  [0m] Started Update UTMP about System Boot/Shutdown.
[[0;32m  OK  [0m] Started Commit a transient machine-id on disk.
[[0;32m  OK  [0m] Started ebtables ruleset management.
[[0;32m  OK  [0m] Started AppArmor initialization.
         Starting Load AppArmor profiles managed internally by snapd...
         Starting Initial cloud-init job (pre-networking)...
[[0;32m  OK  [0m] Started Load AppArmor profiles managed internally by snapd.
[[0;32m  OK  [0m] Started Set console font and keymap.
[   12.219182] cloud-init[789]: Cloud-init v. 23.1.2-0ubuntu0~18.04.1 running 'init-local' at Mon, 12 Aug 2024 23:09:00 +0000. Up 11.68 seconds.
[[0;32m  OK  [0m] Started Initial cloud-init job (pre-networking).
[[0;32m  OK  [0m] Reached target Network (Pre).
         Starting Network Service...
[[0;32m  OK  [0m] Started Network Service.
         Starting Wait for Network to be Configured...
         Starting Network Name Resolution...
[[0;32m  OK  [0m] Started Network Name Resolution.
[[0;32m  OK  [0m] Reached target Network.
[[0;32m  OK  [0m] Reached target Host and Network Name Lookups.
[[0;32m  OK  [0m] Started Wait for Network to be Configured.
         Starting Initial cloud-init job (metadata service crawler)...
[   13.925677] cloud-init[950]: Cloud-init v. 23.1.2-0ubuntu0~18.04.1 running 'init' at Mon, 12 Aug 2024 23:09:02 +0000. Up 13.79 seconds.
[   13.929990] cloud-init[950]: ci-info: ++++++++++++++++++++++++++++++++++++++Net device info++++++++++++++++++++++++++++++++++++++
[   13.933471] cloud-init[950]: ci-info: +--------+------+----------------------------+---------------+--------+-------------------+
[   13.936893] cloud-init[950]: ci-info: | Device |  Up  |          Address           |      Mask     | Scope  |     Hw-Address    |
[   13.941380] cloud-init[950]: ci-info: +--------+------+----------------------------+---------------+--------+-------------------+
[   13.944766] cloud-init[950]: ci-info: | enp0s3 | True |         10.0.2.15          | 255.255.255.0 | global | 02:3b:7b:b7:3b:2d |
[   13.949126] cloud-init[950]: ci-info: | enp0s3 | True | fe80::3b:7bff:feb7:3b2d/64 |       .       |  link  | 02:3b:7b:b7:3b:2d |
[   13.952662] cloud-init[950]: ci-info: |   lo   | True |         127.0.0.1          |   255.0.0.0   |  host  |         .         |
[   13.956225] cloud-init[950]: ci-info: |   lo   | True |          ::1/128           |       .       |  host  |         .         |
[   13.959827] cloud-init[950]: ci-info: +--------+------+----------------------------+---------------+--------+-------------------+
[   13.965371] cloud-init[950]: ci-info: ++++++++++++++++++++++++++++Route IPv4 info+++++++++++++++++++++++++++++
[   13.982503] cloud-init[950]: ci-info: +-------+-------------+----------+-----------------+-----------+-------+
[   13.985611] cloud-init[950]: ci-info: | Route | Destination | Gateway  |     Genmask     | Interface | Flags |
[   13.988571] cloud-init[950]: ci-info: +-------+-------------+----------+-----------------+-----------+-------+
[   13.991482] cloud-init[950]: ci-info: |   0   |   0.0.0.0   | 10.0.2.2 |     0.0.0.0     |   enp0s3  |   UG  |
[   13.994390] cloud-init[950]: ci-info: |   1   |   10.0.2.0  | 0.0.0.0  |  255.255.255.0  |   enp0s3  |   U   |
[   13.997389] cloud-init[950]: ci-info: |   2   |   10.0.2.2  | 0.0.0.0  | 255.255.255.255 |   enp0s3  |   UH  |
[   14.000392] cloud-init[950]: ci-info: +-------+-------------+----------+-----------------+-----------+-------+
[   14.003524] cloud-init[950]: ci-info: +++++++++++++++++++Route IPv6 info+++++++++++++++++++
[   14.006094] cloud-init[950]: ci-info: +-------+-------------+---------+-----------+-------+
[   14.008654] cloud-init[950]: ci-info: | Route | Destination | Gateway | Interface | Flags |
[   14.012114] cloud-init[950]: ci-info: +-------+-------------+---------+-----------+-------+
[   14.015260] cloud-init[950]: ci-info: |   1   |  fe80::/64  |    ::   |   enp0s3  |   U   |
[   14.018640] cloud-init[950]: ci-info: |   3   |    local    |    ::   |   enp0s3  |   U   |
[   14.021897] cloud-init[950]: ci-info: |   4   |   ff00::/8  |    ::   |   enp0s3  |   U   |
[   14.025489] cloud-init[950]: ci-info: +-------+-------------+---------+-----------+-------+
[   14.863509] cloud-init[950]: Generating public/private rsa key pair.
[   14.866111] cloud-init[950]: Your identification has been saved in /etc/ssh/ssh_host_rsa_key.
[   14.869120] cloud-init[950]: Your public key has been saved in /etc/ssh/ssh_host_rsa_key.pub.
[   14.872285] cloud-init[950]: The key fingerprint is:
[   14.874304] cloud-init[950]: SHA256:NXYszAuvTgqBfEWmPDWMVc5t1nTXD8RxRQSTlsXAV60 root@ubuntu-bionic
[   14.877756] cloud-init[950]: The key's randomart image is:
[   14.880690] cloud-init[950]: +---[RSA 2048]----+
[   14.882793] cloud-init[950]: |     +*..   .+B@&|
[   14.885861] cloud-init[950]: |   ..=.+ + + .B+=|
[   14.889165] cloud-init[950]: |    + . + @ +. +.|
[   14.890771] cloud-init[950]: | . . o   B =  E .|
[   14.892621] cloud-init[950]: |  o o   S o      |
[   14.894189] cloud-init[950]: |   . .   .       |
[   14.896114] cloud-init[950]: |    .   o        |
[   14.898052] cloud-init[950]: |     . +         |
[   14.899836] cloud-init[950]: |      . .        |
[   14.901547] cloud-init[950]: +----[SHA256]-----+
[   14.903221] cloud-init[950]: Generating public/private dsa key pair.
[   14.905386] cloud-init[950]: Your identification has been saved in /etc/ssh/ssh_host_dsa_key.
[   14.908682] cloud-init[950]: Your public key has been saved in /etc/ssh/ssh_host_dsa_key.pub.
[   14.912176] cloud-init[950]: The key fingerprint is:
[   14.914906] cloud-init[950]: SHA256:i4njc4RwKSm87OB8AG9ecgRiUcYvQ8wYVPeV/0/IHXY root@ubuntu-bionic
[   14.919286] cloud-init[950]: The key's randomart image is:
[   14.921921] cloud-init[950]: +---[DSA 1024]----+
[   14.925678] cloud-init[950]: |.+X+ .   ..      |
[   14.927083] cloud-init[950]: |.oo=. . ..       |
[   14.928544] cloud-init[950]: |o..o.. .  .      |
[   14.930008] cloud-init[950]: |o.+o+.     .   oE|
[   14.931403] cloud-init[950]: |oo.=o.  S   o + o|
[   14.932936] cloud-init[950]: |.++ +..o .   + o |
[   14.934487] cloud-init[950]: |=o.+o.o .     o  |
[   14.936034] cloud-init[950]: | +.o...        . |
[   14.937514] cloud-init[950]: |  . .o           |
[   14.938957] cloud-init[950]: +----[SHA256]-----+
[   14.940388] cloud-init[950]: Generating public/private ecdsa key pair.
[   14.942407] cloud-init[950]: Your identification has been saved in /etc/ssh/ssh_host_ecdsa_key.
[   14.945618] cloud-init[950]: Your public key has been saved in /etc/ssh/ssh_host_ecdsa_key.pub.
[   14.948964] cloud-init[950]: The key fingerprint is:
[   14.950443] cloud-init[950]: SHA256:uXnYjGBf0sladsAFTUnup73kIok9gOFss0Gf1HTchUA root@ubuntu-bionic
[   14.952995] cloud-init[950]: The key's randomart image is:
[   14.954636] cloud-init[950]: +---[ECDSA 256]---+
[   14.956010] cloud-init[950]: |          .BE+ o.|
[   14.957910] cloud-init[950]: |         ..o= o  |
[   14.959907] cloud-init[950]: |         oo..    |
[   14.962098] cloud-init[950]: |      o .+.+     |
[   14.964241] cloud-init[950]: |     +o=S.B o .  |
[   14.965986] cloud-init[950]: |     .Bo+& . +   |
[   14.968007] cloud-init[950]: |     . +B++.. o  |
[   14.970013] cloud-init[950]: |      . ..= .o . |
[   14.971893] cloud-init[950]: |           o .o  |
[   14.973550] cloud-init[950]: +----[SHA256]-----+
[   14.975054] cloud-init[950]: Generating public/private ed25519 key pair.
[   14.977129] cloud-init[950]: Your identification has been saved in /etc/ssh/ssh_host_ed25519_key.
[   14.979726] cloud-init[950]: Your public key has been saved in /etc/ssh/ssh_host_ed25519_key.pub.
[   14.982249] cloud-init[950]: The key fingerprint is:
[   14.983728] cloud-init[950]: SHA256:yEzOvOCKbnY5hR4PugB6Pf/Y3zC0cfTEfRUn9yxUeF8 root@ubuntu-bionic
[   14.986262] cloud-init[950]: The key's randomart image is:
[   14.987878] cloud-init[950]: +--[ED25519 256]--+
[   14.989271] cloud-init[950]: |              o+*|
[   14.990850] cloud-init[950]: |             o.=E|
[   14.992273] cloud-init[950]: |      .     . +.B|
[   14.993705] cloud-init[950]: |     B .   . o .o|
[   14.995138] cloud-init[950]: |.   o B S o . .  |
[   14.996636] cloud-init[950]: |o  * o . . +     |
[   14.998120] cloud-init[950]: |o + X .   +      |
[   14.999568] cloud-init[950]: |.* * + o   +     |
[   15.001078] cloud-init[950]: |=o+ . o.o.. .    |
[   15.002542] cloud-init[950]: +----[SHA256]-----+
[[0;32m  OK  [0m] Started Initial cloud-init job (metadata service crawler).
[[0;32m  OK  [0m] Reached target Cloud-config availability.
[[0;32m  OK  [0m] Reached target System Initialization.
[[0;32m  OK  [0m] Started Ubuntu Advantage Timer for running repeated jobs.
[[0;32m  OK  [0m] Listening on D-Bus System Message Bus Socket.
[[0;32m  OK  [0m] Started Discard unused blocks once a week.
[[0;32m  OK  [0m] Listening on Open-iSCSI iscsid Socket.
[[0;32m  OK  [0m] Started ACPI Events Check.
[[0;32m  OK  [0m] Started Daily apt download activities.
[[0;32m  OK  [0m] Started Daily apt upgrade and clean activities.
[[0;32m  OK  [0m] Reached target Paths.
[[0;32m  OK  [0m] Listening on UUID daemon activation socket.
[[0;32m  OK  [0m] Started Message of the Day.
[[0;32m  OK  [0m] Listening on ACPID Listen Socket.
[[0;32m  OK  [0m] Started Daily Cleanup of Temporary Directories.
[[0;32m  OK  [0m] Reached target Timers.
[[0;32m  OK  [0m] Listening on cloud-init hotplug hook socket.
         Starting LXD - unix socket.
         Starting Socket activation for snappy daemon.
[[0;32m  OK  [0m] Reached target Network is Online.
[[0;32m  OK  [0m] Reached target Remote File Systems (Pre).
[[0;32m  OK  [0m] Reached target Remote File Systems.
         Starting Availability of block devices...
[[0;32m  OK  [0m] Listening on LXD - unix socket.
[[0;32m  OK  [0m] Listening on Socket activation for snappy daemon.
[[0;32m  OK  [0m] Reached target Sockets.
[[0;32m  OK  [0m] Reached target Basic System.
[[0;32m  OK  [0m] Started D-Bus System Message Bus.
[[0;32m  OK  [0m] Started Deferred execution scheduler.
         Starting LSB: Record successful boot for GRUB...
         Starting Permit User Sessions...
[[0;32m  OK  [0m] Started irqbalance daemon.
[[0;32m  OK  [0m] Started Regular background program processing daemon.
         Starting LSB: automatic crash report generation...
         Starting Accounts Service...
         Starting System Logging Service...
         Starting Snap Daemon...
[[0;32m  OK  [0m] Reached target Login Prompts (Pre).
         Starting Pollinate to seed the pseudo random number generator...
         Starting Virtualbox guest utils...
[[0;32m  OK  [0m] Started FUSE filesystem for LXC.
         Starting Dispatcher daemon for systemd-networkd...
         Starting Login Service...
         Starting LXD - container startup/shutdown...
[[0;32m  OK  [0m] Started Availability of block devices.
[[0;32m  OK  [0m] Started Permit User Sessions.
         Starting Hold until boot process finishes up...
         Starting Terminate Plymouth Boot Screen...
[[0;32m  OK  [0m] Started Hold until boot process finishes up.
[[0;32m  OK  [0m] Started Serial Getty on ttyS0.
         Starting Set console scheme...
[[0;32m  OK  [0m] Started Terminate Plymouth Boot Screen.
[[0;32m  OK  [0m] Started Set console scheme.
[[0;32m  OK  [0m] Started Login Service.
[[0;32m  OK  [0m] Started Unattended Upgrades Shutdown.
[[0;32m  OK  [0m] Created slice system-getty.slice.
[[0;32m  OK  [0m] Started Getty on tty1.
[[0;32m  OK  [0m] Reached target Login Prompts.
         Starting Authorization Manager...
[[0;32m  OK  [0m] Started LSB: automatic crash report generation.
[[0;32m  OK  [0m] Started System Logging Service.
[[0;32m  OK  [0m] Started LSB: Record successful boot for GRUB.
[[0;32m  OK  [0m] Started Authorization Manager.
[[0;32m  OK  [0m] Started Accounts Service.
[[0;32m  OK  [0m] Started Virtualbox guest utils.
[[0;32m  OK  [0m] Started LXD - container startup/shutdown.
[[0;32m  OK  [0m] Started Dispatcher daemon for systemd-networkd.
[[0;32m  OK  [0m] Started Snap Daemon.
         Starting Wait until snapd is fully seeded...
[[0;32m  OK  [0m] Started Pollinate to seed the pseudo random number generator.
         Starting OpenBSD Secure Shell server...
[[0;32m  OK  [0m] Started OpenBSD Secure Shell server.
         Starting Time & Date Service...
[[0;32m  OK  [0m] Started Time & Date Service.
[[0;32m  OK  [0m] Created slice User Slice of vagrant.
         Starting User Manager for UID 1000...
[[0;32m  OK  [0m] Started Session 1 of user vagrant.
[[0;32m  OK  [0m] Started User Manager for UID 1000.
[[0;32m  OK  [0m] Started Wait until snapd is fully seeded.
         Starting Apply the settings specified in cloud-config...
[   21.275746] cloud-init[1545]: Cloud-init v. 23.1.2-0ubuntu0~18.04.1 running 'modules:config' at Mon, 12 Aug 2024 23:09:09 +0000. Up 20.54 seconds.

Ubuntu 18.04.6 LTS ubuntu-bionic ttyS0

ubuntu-bionic login: ci-info: no authorized SSH keys fingerprints found for user ubuntu.
<14>Aug 12 23:09:11 cloud-init: #############################################################
<14>Aug 12 23:09:11 cloud-init: -----BEGIN SSH HOST KEY FINGERPRINTS-----
<14>Aug 12 23:09:11 cloud-init: 1024 SHA256:i4njc4RwKSm87OB8AG9ecgRiUcYvQ8wYVPeV/0/IHXY root@ubuntu-bionic (DSA)
<14>Aug 12 23:09:11 cloud-init: 256 SHA256:uXnYjGBf0sladsAFTUnup73kIok9gOFss0Gf1HTchUA root@ubuntu-bionic (ECDSA)
<14>Aug 12 23:09:11 cloud-init: 256 SHA256:yEzOvOCKbnY5hR4PugB6Pf/Y3zC0cfTEfRUn9yxUeF8 root@ubuntu-bionic (ED25519)
<14>Aug 12 23:09:11 cloud-init: 2048 SHA256:NXYszAuvTgqBfEWmPDWMVc5t1nTXD8RxRQSTlsXAV60 root@ubuntu-bionic (RSA)
<14>Aug 12 23:09:11 cloud-init: -----END SSH HOST KEY FINGERPRINTS-----
<14>Aug 12 23:09:11 cloud-init: #############################################################
-----BEGIN SSH HOST KEY KEYS-----
ecdsa-sha2-nistp256 AAAAE2VjZHNhLXNoYTItbmlzdHAyNTYAAAAIbmlzdHAyNTYAAABBBOKnUuwbzlrSnPzOWwkuYGnFMD7IEv82IhBogM3ROfZGw/WW1hxXs8vrdVpZUz0GJaXumnKK1hFUMeBQvYOcir0= root@ubuntu-bionic
ssh-ed25519 AAAAC3NzaC1lZDI1NTE5AAAAIHBp9+XMmn7PrHdgGfnsJzOgK3tKhdRxWapdWVDkkuiX root@ubuntu-bionic
ssh-rsa AAAAB3NzaC1yc2EAAAADAQABAAABAQDCBelrMd0G2rt+fRCUf4wKb9ipB9LSQLaPiwgXlCMKFB4oYqVw3jTGZ9zBcwpMutgFG1NQRXQl1mXVLHGfLmNUfqauQ3NCQPPbCyuDrUMtbo1y4LQtiFcCG5UygVKKbYSfvEKtu41bEmEkPJk82dKr3+3xKjjB4WFtWV/BzK5TF29rBGvtdsxGoTGrbqSbKY9qF/1kH1lFM99vomnaGWi5qt2Q18OhQ9MQyodxtk23SJSF1N97tFoX9ljEnlIRpvZiSWaygqHpt3NgYV0nWAG4SalTLdz1WHZzoq8vXY3mqPCiOx0vYHzm3Z/VXwsBuFEYc5xWpFyRFhY17r9NXnPd root@ubuntu-bionic
-----END SSH HOST KEY KEYS-----
[   22.561383] cloud-init[1667]: Cloud-init v. 23.1.2-0ubuntu0~18.04.1 running 'modules:final' at Mon, 12 Aug 2024 23:09:10 +0000. Up 22.30 seconds.
[   22.561476] cloud-init[1667]: Cloud-init v. 23.1.2-0ubuntu0~18.04.1 finished at Mon, 12 Aug 2024 23:09:11 +0000. Datasource DataSourceNoCloud [seed=/dev/sdb][dsmode=net].  Up 22.55 seconds
